# JRE version: Java(TM) SE Runtime Environment (8.0_77-b03) (build 1.8.0_77-b03)
# Java VM: Java HotSpot(TM) Client VM (25.77-b03 mixed mode windows-x86 )
Heap:
 def new generation   total 13120K, used 12768K [0x04800000, 0x05630000, 0x09d50000)
  eden space 11712K,  96% used [0x04800000, 0x053181f8, 0x05370000)
  from space 1408K, 100% used [0x054d0000, 0x05630000, 0x05630000)
  to   space 1408K,   0% used [0x05370000, 0x05370000, 0x054d0000)
 tenured generation   total 28996K, used 23125K [0x09d50000, 0x0b9a1000, 0x14800000)
   the space 28996K,  79% used [0x09d50000, 0x0b3e5410, 0x0b3e5600, 0x0b9a1000)
 Metaspace       used 21408K, capacity 22178K, committed 22272K, reserved 22912K
GC Heap History (10 events):
Event: 23.266 GC heap before
{Heap before GC invocations=109 (full 3):
 def new generation   total 13120K, used 12054K [0x04800000, 0x05630000, 0x09d50000)
  eden space 11712K, 100% used [0x04800000, 0x05370000, 0x05370000)
  from space 1408K,  24% used [0x05370000, 0x053c5be8, 0x054d0000)
  to   space 1408K,   0% used [0x054d0000, 0x054d0000, 0x05630000)
 tenured generation   total 28996K, used 20936K [0x09d50000, 0x0b9a1000, 0x14800000)
   the space 28996K,  72% used [0x09d50000, 0x0b1c21f0, 0x0b1c2200, 0x0b9a1000)
 Metaspace       used 20155K, capacity 20797K, committed 20992K, reserved 21888K
Event: 23.268 GC heap after
Heap after GC invocations=110 (full 3):
 def new generation   total 13120K, used 398K [0x04800000, 0x05630000, 0x09d50000)
  eden space 11712K,   0% used [0x04800000, 0x04800000, 0x05370000)
  from space 1408K,  28% used [0x054d0000, 0x055338c0, 0x05630000)
  to   space 1408K,   0% used [0x05370000, 0x05370000, 0x054d0000)
 tenured generation   total 28996K, used 20936K [0x09d50000, 0x0b9a1000, 0x14800000)
   the space 28996K,  72% used [0x09d50000, 0x0b1c21f0, 0x0b1c2200, 0x0b9a1000)
 Metaspace       used 20155K, capacity 20797K, committed 20992K, reserved 21888K
}
Event: 23.297 GC heap before
{Heap before GC invocations=110 (full 3):
 def new generation   total 13120K, used 12110K [0x04800000, 0x05630000, 0x09d50000)
  eden space 11712K, 100% used [0x04800000, 0x05370000, 0x05370000)
  from space 1408K,  28% used [0x054d0000, 0x055338c0, 0x05630000)
  to   space 1408K,   0% used [0x05370000, 0x05370000, 0x054d0000)
 tenured generation   total 28996K, used 20936K [0x09d50000, 0x0b9a1000, 0x14800000)
   the space 28996K,  72% used [0x09d50000, 0x0b1c21f0, 0x0b1c2200, 0x0b9a1000)
 Metaspace       used 20159K, capacity 20802K, committed 20992K, reserved 21888K
Event: 23.299 GC heap after
Heap after GC invocations=111 (full 3):
 def new generation   total 13120K, used 462K [0x04800000, 0x05630000, 0x09d50000)
  eden space 11712K,   0% used [0x04800000, 0x04800000, 0x05370000)
  from space 1408K,  32% used [0x05370000, 0x053e3b10, 0x054d0000)
  to   space 1408K,   0% used [0x054d0000, 0x054d0000, 0x05630000)
 tenured generation   total 28996K, used 20936K [0x09d50000, 0x0b9a1000, 0x14800000)
   the space 28996K,  72% used [0x09d50000, 0x0b1c21f0, 0x0b1c2200, 0x0b9a1000)
 Metaspace       used 20159K, capacity 20802K, committed 20992K, reserved 21888K
}
Event: 23.327 GC heap before
{Heap before GC invocations=111 (full 3):
 def new generation   total 13120K, used 12174K [0x04800000, 0x05630000, 0x09d50000)
  eden space 11712K, 100% used [0x04800000, 0x05370000, 0x05370000)
  from space 1408K,  32% used [0x05370000, 0x053e3b10, 0x054d0000)
  to   space 1408K,   0% used [0x054d0000, 0x054d0000, 0x05630000)
 tenured generation   total 28996K, used 20936K [0x09d50000, 0x0b9a1000, 0x14800000)
   the space 28996K,  72% used [0x09d50000, 0x0b1c21f0, 0x0b1c2200, 0x0b9a1000)
 Metaspace       used 20159K, capacity 20802K, committed 20992K, reserved 21888K
Event: 23.328 GC heap after
Heap after GC invocations=112 (full 3):
 def new generation   total 13120K, used 518K [0x04800000, 0x05630000, 0x09d50000)
  eden space 11712K,   0% used [0x04800000, 0x04800000, 0x05370000)
  from space 1408K,  36% used [0x054d0000, 0x05551b10, 0x05630000)
  to   space 1408K,   0% used [0x05370000, 0x05370000, 0x054d0000)
 tenured generation   total 28996K, used 20936K [0x09d50000, 0x0b9a1000, 0x14800000)
   the space 28996K,  72% used [0x09d50000, 0x0b1c21f0, 0x0b1c2200, 0x0b9a1000)
 Metaspace       used 20159K, capacity 20802K, committed 20992K, reserved 21888K
}
Event: 23.357 GC heap before
{Heap before GC invocations=112 (full 3):
 def new generation   total 13120K, used 12230K [0x04800000, 0x05630000, 0x09d50000)
  eden space 11712K, 100% used [0x04800000, 0x05370000, 0x05370000)
  from space 1408K,  36% used [0x054d0000, 0x05551b10, 0x05630000)
  to   space 1408K,   0% used [0x05370000, 0x05370000, 0x054d0000)
 tenured generation   total 28996K, used 20936K [0x09d50000, 0x0b9a1000, 0x14800000)
   the space 28996K,  72% used [0x09d50000, 0x0b1c21f0, 0x0b1c2200, 0x0b9a1000)
 Metaspace       used 20159K, capacity 20802K, committed 20992K, reserved 21888K
Event: 23.359 GC heap after
Heap after GC invocations=113 (full 3):
 def new generation   total 13120K, used 579K [0x04800000, 0x05630000, 0x09d50000)
  eden space 11712K,   0% used [0x04800000, 0x04800000, 0x05370000)
  from space 1408K,  41% used [0x05370000, 0x05400de8, 0x054d0000)
  to   space 1408K,   0% used [0x054d0000, 0x054d0000, 0x05630000)
 tenured generation   total 28996K, used 20936K [0x09d50000, 0x0b9a1000, 0x14800000)
   the space 28996K,  72% used [0x09d50000, 0x0b1c21f0, 0x0b1c2200, 0x0b9a1000)
 Metaspace       used 20159K, capacity 20802K, committed 20992K, reserved 21888K
}
Event: 34.956 GC heap before
{Heap before GC invocations=113 (full 3):
 def new generation   total 13120K, used 12291K [0x04800000, 0x05630000, 0x09d50000)
  eden space 11712K, 100% used [0x04800000, 0x05370000, 0x05370000)
  from space 1408K,  41% used [0x05370000, 0x05400de8, 0x054d0000)
  to   space 1408K,   0% used [0x054d0000, 0x054d0000, 0x05630000)
 tenured generation   total 28996K, used 20936K [0x09d50000, 0x0b9a1000, 0x14800000)
   the space 28996K,  72% used [0x09d50000, 0x0b1c21f0, 0x0b1c2200, 0x0b9a1000)
 Metaspace       used 20340K, capacity 21097K, committed 21120K, reserved 21888K
Event: 34.964 GC heap after
Heap after GC invocations=114 (full 3):
 def new generation   total 13120K, used 1408K [0x04800000, 0x05630000, 0x09d50000)
  eden space 11712K,   0% used [0x04800000, 0x04800000, 0x05370000)
  from space 1408K, 100% used [0x054d0000, 0x05630000, 0x05630000)
  to   space 1408K,   0% used [0x05370000, 0x05370000, 0x054d0000)
 tenured generation   total 28996K, used 23125K [0x09d50000, 0x0b9a1000, 0x14800000)
   the space 28996K,  79% used [0x09d50000, 0x0b3e5410, 0x0b3e5600, 0x0b9a1000)
 Metaspace       used 20340K, capacity 21097K, committed 21120K, reserved 21888K
}

